TN:
SF:src/Basic_class/note.ts
FN:18,(anonymous_1)
FN:28,(anonymous_2)
FN:36,(anonymous_3)
FN:44,(anonymous_4)
FN:53,(anonymous_5)
FN:61,(anonymous_6)
FN:69,(anonymous_7)
FN:76,(anonymous_8)
FN:99,(anonymous_9)
FNF:9
FNH:7
FNDA:28,(anonymous_1)
FNDA:38,(anonymous_2)
FNDA:5,(anonymous_3)
FNDA:5,(anonymous_4)
FNDA:1,(anonymous_5)
FNDA:4,(anonymous_6)
FNDA:1,(anonymous_7)
FNDA:0,(anonymous_8)
FNDA:0,(anonymous_9)
DA:1,1
DA:11,1
DA:18,28
DA:19,28
DA:20,28
DA:21,28
DA:29,38
DA:37,5
DA:45,5
DA:54,1
DA:62,4
DA:70,1
DA:77,0
DA:79,0
DA:80,0
DA:82,0
DA:83,0
DA:85,0
DA:86,0
DA:88,0
DA:89,0
DA:91,0
DA:92,0
DA:100,0
DA:102,0
DA:103,0
DA:105,0
DA:106,0
DA:108,0
DA:109,0
DA:111,0
DA:112,0
DA:114,0
DA:115,0
LF:34
LH:12
BRDA:77,0,0,0
BRDA:77,0,1,0
BRDA:77,0,2,0
BRDA:77,0,3,0
BRDA:77,0,4,0
BRDA:100,1,0,0
BRDA:100,1,1,0
BRDA:100,1,2,0
BRDA:100,1,3,0
BRDA:100,1,4,0
BRF:10
BRH:0
end_of_record
TN:
SF:src/Basic_class/user.ts
FN:16,(anonymous_0)
FN:22,(anonymous_1)
FN:31,(anonymous_2)
FN:34,(anonymous_3)
FN:50,(anonymous_4)
FN:69,(anonymous_5)
FN:90,(anonymous_6)
FN:109,(anonymous_7)
FN:127,(anonymous_8)
FN:129,(anonymous_9)
FN:138,(anonymous_10)
FNF:11
FNH:6
FNDA:3,(anonymous_0)
FNDA:0,(anonymous_1)
FNDA:15,(anonymous_2)
FNDA:33,(anonymous_3)
FNDA:9,(anonymous_4)
FNDA:3,(anonymous_5)
FNDA:0,(anonymous_6)
FNDA:3,(anonymous_7)
FNDA:0,(anonymous_8)
FNDA:0,(anonymous_9)
FNDA:0,(anonymous_10)
DA:1,1
DA:2,1
DA:4,1
DA:9,1
DA:16,3
DA:23,0
DA:32,15
DA:33,15
DA:34,15
DA:35,33
DA:36,9
DA:37,9
DA:40,15
DA:51,9
DA:52,9
DA:53,9
DA:54,6
DA:55,6
DA:56,6
DA:58,3
DA:60,9
DA:70,3
DA:71,3
DA:72,3
DA:73,3
DA:74,3
DA:75,3
DA:76,3
DA:78,0
DA:80,3
DA:91,0
DA:92,0
DA:93,0
DA:94,0
DA:95,0
DA:96,0
DA:97,0
DA:99,0
DA:101,0
DA:110,3
DA:111,3
DA:112,3
DA:113,3
DA:114,3
DA:115,3
DA:116,3
DA:117,3
DA:120,0
DA:122,3
DA:128,0
DA:129,0
DA:130,0
DA:139,0
DA:140,0
DA:141,0
DA:142,0
DA:143,0
DA:144,0
DA:146,0
LF:59
LH:37
BRDA:16,0,0,3
BRDA:16,1,0,3
BRDA:35,2,0,9
BRDA:35,2,1,24
BRDA:53,3,0,6
BRDA:53,3,1,3
BRDA:72,4,0,3
BRDA:72,4,1,0
BRDA:93,5,0,0
BRDA:93,5,1,0
BRDA:112,6,0,3
BRDA:112,6,1,0
BRDA:114,7,0,3
BRDA:114,7,1,0
BRDA:140,8,0,0
BRDA:140,8,1,0
BRF:16
BRH:9
end_of_record
TN:
SF:src/modificacion/ejemplo.ts
FN:2,hello
FNF:1
FNH:1
FNDA:2,hello
DA:2,1
DA:3,2
DA:4,2
DA:7,1
LF:4
LH:4
BRF:0
BRH:0
end_of_record
TN:
SF:src/modificacion/modificacionLunes.ts
FN:3,(anonymous_0)
FN:7,(anonymous_1)
FNF:2
FNH:2
FNDA:1,(anonymous_0)
FNDA:1,(anonymous_1)
DA:2,1
DA:3,1
DA:4,1
DA:8,1
LF:4
LH:4
BRF:0
BRH:0
end_of_record
TN:
SF:src/modificacion/subclass.ts
FN:4,(anonymous_0)
FN:8,(anonymous_1)
FN:10,(anonymous_2)
FNF:3
FNH:3
FNDA:1,(anonymous_0)
FNDA:1,(anonymous_1)
FNDA:3,(anonymous_2)
DA:1,1
DA:3,1
DA:4,1
DA:5,1
DA:9,1
DA:10,1
DA:11,3
DA:13,1
DA:14,1
LF:9
LH:9
BRF:0
BRH:0
end_of_record
TN:
SF:src/system/bdd.ts
FN:21,(anonymous_0)
FN:48,(anonymous_1)
FN:59,(anonymous_2)
FN:68,(anonymous_3)
FN:70,(anonymous_4)
FNF:5
FNH:1
FNDA:3,(anonymous_0)
FNDA:0,(anonymous_1)
FNDA:0,(anonymous_2)
FNDA:0,(anonymous_3)
FNDA:0,(anonymous_4)
DA:1,1
DA:2,1
DA:3,1
DA:4,1
DA:6,1
DA:12,1
DA:14,3
DA:22,3
DA:23,0
DA:25,0
DA:26,0
DA:27,0
DA:29,3
DA:30,3
DA:31,3
DA:34,3
DA:35,0
DA:37,3
DA:38,3
DA:39,3
DA:49,0
DA:50,0
DA:60,0
DA:69,0
DA:70,0
DA:71,0
LF:26
LH:15
BRDA:21,0,0,0
BRDA:22,1,0,0
BRDA:22,1,1,3
BRDA:34,2,0,0
BRDA:34,2,1,3
BRF:5
BRH:2
end_of_record
